  [1m[35m (178.0ms)[0m  [1m[35mCREATE DATABASE "regftr_app_api_development" ENCODING = 'unicode'[0m
  [1m[35m (70.0ms)[0m  [1m[35mCREATE DATABASE "regftr_app_api_test" ENCODING = 'unicode'[0m
Started GET "/" for ::1 at 2020-09-19 09:44:59 -0700
Processing by Rails::WelcomeController#index as HTML
  Rendering /Users/jesshoran/.rbenv/versions/2.7.1/lib/ruby/gems/2.7.0/gems/railties-6.0.3.3/lib/rails/templates/rails/welcome/index.html.erb
  Rendered /Users/jesshoran/.rbenv/versions/2.7.1/lib/ruby/gems/2.7.0/gems/railties-6.0.3.3/lib/rails/templates/rails/welcome/index.html.erb (Duration: 8.3ms | Allocations: 409)
Completed 200 OK in 18ms (Views: 13.7ms | ActiveRecord: 0.0ms | Allocations: 2255)


  [1m[35m (46.7ms)[0m  [1m[35mCREATE TABLE "schema_migrations" ("version" character varying NOT NULL PRIMARY KEY)[0m
  [1m[35m (5.4ms)[0m  [1m[35mCREATE TABLE "ar_internal_metadata" ("key" character varying NOT NULL PRIMARY KEY, "value" character varying, "created_at" timestamp(6) NOT NULL, "updated_at" timestamp(6) NOT NULL)[0m
  [1m[35m (1.0ms)[0m  [1m[34mSELECT pg_try_advisory_lock(8454189788462587680)[0m
  [1m[35m (0.7ms)[0m  [1m[34mSELECT "schema_migrations"."version" FROM "schema_migrations" ORDER BY "schema_migrations"."version" ASC[0m
Migrating to CreateGifts (20200919164555)
  [1m[35m (0.2ms)[0m  [1m[35mBEGIN[0m
  [1m[35m (24.8ms)[0m  [1m[35mCREATE TABLE "gifts" ("id" bigserial primary key, "description" character varying, "value" decimal, "event" character varying, "gift_giver" character varying)[0m
  [1m[36mprimary::SchemaMigration Create (0.5ms)[0m  [1m[32mINSERT INTO "schema_migrations" ("version") VALUES ($1) RETURNING "version"[0m  [["version", "20200919164555"]]
  [1m[35m (0.4ms)[0m  [1m[35mCOMMIT[0m
  [1m[36mActiveRecord::InternalMetadata Load (0.4ms)[0m  [1m[34mSELECT "ar_internal_metadata".* FROM "ar_internal_metadata" WHERE "ar_internal_metadata"."key" = $1 LIMIT $2[0m  [["key", "environment"], ["LIMIT", 1]]
  [1m[35m (0.2ms)[0m  [1m[35mBEGIN[0m
  [1m[36mActiveRecord::InternalMetadata Create (4.0ms)[0m  [1m[32mINSERT INTO "ar_internal_metadata" ("key", "value", "created_at", "updated_at") VALUES ($1, $2, $3, $4) RETURNING "key"[0m  [["key", "environment"], ["value", "development"], ["created_at", "2020-09-19 16:52:50.457092"], ["updated_at", "2020-09-19 16:52:50.457092"]]
  [1m[35m (0.2ms)[0m  [1m[35mCOMMIT[0m
  [1m[35m (0.3ms)[0m  [1m[34mSELECT pg_advisory_unlock(8454189788462587680)[0m
  [1m[35m (1.1ms)[0m  [1m[34mSELECT "schema_migrations"."version" FROM "schema_migrations" ORDER BY "schema_migrations"."version" ASC[0m
  [1m[35m (1.3ms)[0m  [1m[34mSELECT "schema_migrations"."version" FROM "schema_migrations" ORDER BY "schema_migrations"."version" ASC[0m
  [1m[35m (9.0ms)[0m  [1m[35mBEGIN[0m
  [1m[36mGift Create (1.5ms)[0m  [1m[32mINSERT INTO "gifts" ("description", "value", "event", "gift_giver") VALUES ($1, $2, $3, $4) RETURNING "id"[0m  [["description", "Apple Watch"], ["value", "199.99"], ["event", "Birthday"], ["gift_giver", "Eva"]]
  [1m[35m (0.4ms)[0m  [1m[35mCOMMIT[0m
  [1m[35m (0.1ms)[0m  [1m[35mBEGIN[0m
  [1m[36mGift Create (0.4ms)[0m  [1m[32mINSERT INTO "gifts" ("description", "value", "event", "gift_giver") VALUES ($1, $2, $3, $4) RETURNING "id"[0m  [["description", "Gorgon City Ticket"], ["value", "75.5"], ["event", "Hanukkah"], ["gift_giver", "Chris"]]
  [1m[35m (0.3ms)[0m  [1m[35mCOMMIT[0m
  [1m[35m (0.1ms)[0m  [1m[35mBEGIN[0m
  [1m[36mGift Create (0.2ms)[0m  [1m[32mINSERT INTO "gifts" ("description", "value", "event", "gift_giver") VALUES ($1, $2, $3, $4) RETURNING "id"[0m  [["description", "Yearly Netflix Subsciption"], ["value", "77.94"], ["event", "Birthday"], ["gift_giver", "Greg"]]
  [1m[35m (0.4ms)[0m  [1m[35mCOMMIT[0m
  [1m[35m (0.1ms)[0m  [1m[35mBEGIN[0m
  [1m[36mGift Create (0.2ms)[0m  [1m[32mINSERT INTO "gifts" ("description", "value", "event", "gift_giver") VALUES ($1, $2, $3, $4) RETURNING "id"[0m  [["description", "Margarita"], ["value", "12.99"], ["event", "Cinco De Mayo"], ["gift_giver", "Dan"]]
  [1m[35m (0.3ms)[0m  [1m[35mCOMMIT[0m
